#
# A fatal error has been detected by the Java Runtime Environment:
#
#  EXCEPTION_ACCESS_VIOLATION (0xc0000005) at pc=0x000001f40bf90fa4, pid=7792, tid=15356
#
# JRE version: Java(TM) SE Runtime Environment (21.0.5+9) (build 21.0.5+9-LTS-239)
# Java VM: Java HotSpot(TM) 64-Bit Server VM (21.0.5+9-LTS-239, mixed mode, emulated-client, sharing, tiered, compressed oops, compressed class ptrs, g1 gc, windows-amd64)
# Problematic frame:
# v  ~BufferBlob::MethodHandles adapters 0x000001f40bf90fa4
#
# No core dump will be written. Minidumps are not enabled by default on client versions of Windows
#
# If you would like to submit a bug report, please visit:
#   https://bugreport.java.com/bugreport/crash.jsp
#

---------------  S U M M A R Y ------------

Command Line: -XX:+ShowCodeDetailsInExceptionMessages -agentlib:jdwp=transport=dt_socket,suspend=y,address=localhost:50989 -Dcom.sun.management.jmxremote -Dcom.sun.management.jmxremote.port=50985 -Dcom.sun.management.jmxremote.authenticate=false -Dcom.sun.management.jmxremote.ssl=false -Djava.rmi.server.hostname=localhost -Dspring.jmx.enabled=true -Dmanagement.endpoints.jmx.exposure.include=* -Dspring.application.admin.enabled=true -XX:TieredStopAtLevel=1 -Dspring.boot.project.name=EMS -javaagent:C:\Users\HI\Balraj\sts-4.26.0.RELEASE\configuration\org.eclipse.osgi\271\0\.cp\lib\javaagent-shaded.jar -Dfile.encoding=UTF-8 -Dstdout.encoding=UTF-8 -Dstderr.encoding=UTF-8 com.fullstack.ems.EmsApplication --spring.output.ansi.enabled=always

Host: 12th Gen Intel(R) Core(TM) i5-12400F, 12 cores, 15G,  Windows 11 , 64 bit Build 22621 (10.0.22621.3958)
Time: Fri Nov  1 15:33:58 2024 India Standard Time elapsed time: 1528.702507 seconds (0d 0h 25m 28s)

---------------  T H R E A D  ---------------

Current thread (0x000001f45f9c4ce0):  JavaThread "http-nio-8080-exec-9" daemon [_thread_in_Java, id=15356, stack(0x000000dd4ed00000,0x000000dd4ee00000) (1024K)]

Stack: [0x000000dd4ed00000,0x000000dd4ee00000],  sp=0x000000dd4edfd3a8,  free space=1012k
Native frames: (J=compiled Java code, j=interpreted, Vv=VM code, C=native code)
C  0x000001f40bf90fa4

The last pc belongs to _linkToVirtual (printed below).

siginfo: EXCEPTION_ACCESS_VIOLATION (0xc0000005), reading address 0x000001f46fb28c33


Registers:
RAX=0x000001f40bf6958b, RBX=0x0000000706f4f3b8, RCX=0x000000dd4edfd3b8, RDX=0x0000000000000003
RSP=0x000000dd4edfd3a8, RBP=0x000000dd4edfd400, RSI=0x000001f45f496a98, RDI=0x000001f45fda57a0
R8 =0x0000000000000004, R9 =0x0000000000000004, R10=0x000001f46fb28a73, R11=0x0000000000000000
R12=0x0000000000000000, R13=0x000000dd4edfd3a8, R14=0x000000dd4edfd428, R15=0x000001f45f9c4ce0
RIP=0x000001f40bf90fa4, EFLAGS=0x0000000000010202


Register to memory mapping:

RAX=0x000001f40bf6958b is at code_begin+4363 in an Interpreter codelet
return entry points  [0x000001f40bf68480, 0x000001f40bf6a298]  7704 bytes
RBX=0x0000000706f4f3b8 is an oop: com.fullstack.ems.entity.Employee 
{0x0000000706f4f3b8} - klass: 'com/fullstack/ems/entity/Employee'
 - ---- fields (total size 4 words):
 - private 'id' 'Ljava/lang/Long;' @12  null (0x00000000)
 - private 'firstName' 'Ljava/lang/String;' @16  null (0x00000000)
 - private 'LastName' 'Ljava/lang/String;' @20  null (0x00000000)
 - private 'dateOfBirth' 'Ljava/util/Date;' @24  null (0x00000000)
 - private 'salary' 'Ljava/lang/Double;' @28  null (0x00000000)
RCX=0x000000dd4edfd3b8 is pointing into the stack for thread: 0x000001f45f9c4ce0
RDX=0x0000000000000003 is an unknown value
RSP=0x000000dd4edfd3a8 is pointing into the stack for thread: 0x000001f45f9c4ce0
RBP=0x000000dd4edfd400 is pointing into the stack for thread: 0x000001f45f9c4ce0
RSI=0x000001f45f496a98 points into unknown readable memory: 0x88001200aaa26b09 | 09 6b a2 aa 00 12 00 88
RDI=0x000001f45fda57a0 points into unknown readable memory: 0x0000002000000070 | 70 00 00 00 20 00 00 00
R8 =0x0000000000000004 is an unknown value
R9 =0x0000000000000004 is an unknown value
R10=0x000001f46fb28a73 is an unknown value
R11=0x0 is null
R12=0x0 is null
R13=0x000000dd4edfd3a8 is pointing into the stack for thread: 0x000001f45f9c4ce0
R14=0x000000dd4edfd428 is pointing into the stack for thread: 0x000001f45f9c4ce0
R15=0x000001f45f9c4ce0 is a thread

Top of Stack: (sp=0x000000dd4edfd3a8)
0x000000dd4edfd3a8:   000001f40bf6958b 00000007051b81b0
0x000000dd4edfd3b8:   000000dd4edfd3b8 000001f458b28a73
0x000000dd4edfd3c8:   0000000000000005 000001f458b28bc0
0x000000dd4edfd3d8:   0000000000000000 0000000703158900
0x000000dd4edfd3e8:   000001f458b28a80 000000dd4edfd3a8
0x000000dd4edfd3f8:   000000dd4edfd430 000000dd4edfd760
0x000000dd4edfd408:   000001f40cde1ab7 00000007062aa7c8
0x000000dd4edfd418:   0000000706f4f3b8 00000007051b81b0
0x000000dd4edfd428:   00000007062aa918 00000007050615f8
0x000000dd4edfd438:   000001f40c1aa39e 00000007062aa688
0x000000dd4edfd448:   00000007050615f8 00000007062aac28
0x000000dd4edfd458:   00000007051b81b0 00000007062aabd8
0x000000dd4edfd468:   0000000706f4f3b8 0000000706f4f3b8
0x000000dd4edfd478:   00000007062aaae0 00000007062aa918
0x000000dd4edfd488:   00000007051b81b0 000001f40cde19d4
0x000000dd4edfd498:   000001f40c16cc1e 000000dd4edfd760
0x000000dd4edfd4a8:   000001f40c982eaa 0000000000000000
0x000000dd4edfd4b8:   0000000000000000 00000007062aa688
0x000000dd4edfd4c8:   0000000703aab878 0000000000000000
0x000000dd4edfd4d8:   0000000000000000 0000000000000000
0x000000dd4edfd4e8:   0000000000000000 0000000000000000
0x000000dd4edfd4f8:   0000000000000000 000000dd4edfd760
0x000000dd4edfd508:   000001f40c38dccc 0000000000000000
0x000000dd4edfd518:   0000000000000000 000000005ab818a8
0x000000dd4edfd528:   0000000000000c00 0000000000000000
0x000000dd4edfd538:   0000000000000000 0000000000000000
0x000000dd4edfd548:   0000000000000000 0000000000000000
0x000000dd4edfd558:   0000000000000000 00000007062aac58
0x000000dd4edfd568:   0000000706f4f0e8 00000007051b81b0
0x000000dd4edfd578:   00007ff93c770900 000001f45f9c4ce0
0x000000dd4edfd588:   000000070516b5e0 0000000703aab878
0x000000dd4edfd598:   00000007050615f8 00000007050615f8 

Instructions: (pc=0x000001f40bf90fa4)
0x000001f40bf90ea4:   f4 01 00 00 00 0f f9 0b f4 01 00 00 80 1f f9 0b
0x000001f40bf90eb4:   f4 01 00 00 f0 0e f9 0b f4 01 00 00 f0 0e f9 0b
0x000001f40bf90ec4:   f4 01 00 00 00 00 00 00 00 00 00 00 10 3f a8 3c
0x000001f40bf90ed4:   f9 7f 00 00 f0 10 00 00 60 00 00 00 ff ff ff ff
0x000001f40bf90ee4:   f0 10 00 00 00 00 00 00 00 00 00 00 00 00 00 00
0x000001f40bf90ef4:   00 00 00 00 00 00 00 00 00 00 00 00 f4 66 66 66
0x000001f40bf90f04:   0f 1f 84 00 00 00 00 00 66 66 66 90 66 66 66 0f
0x000001f40bf90f14:   1f 84 00 00 00 00 00 66 66 66 90 90 48 8b 53 08
0x000001f40bf90f24:   0f b7 52 2e 48 8b 0c d4 8b 59 14 48 c1 e3 03 8b
0x000001f40bf90f34:   5b 28 48 c1 e3 03 8b 5b 24 48 c1 e3 03 48 8b 5b
0x000001f40bf90f44:   10 48 85 db 0f 84 10 00 00 00 41 80 bf d8 05 00
0x000001f40bf90f54:   00 00 74 03 ff 63 38 ff 63 50 e9 9d 16 00 00 66
0x000001f40bf90f64:   66 66 0f 1f 84 00 00 00 00 00 66 66 66 90 66 66
0x000001f40bf90f74:   0f 1f 84 00 00 00 00 00 66 66 66 90 48 8b 53 08
0x000001f40bf90f84:   0f b7 52 2e 48 8b 0c d4 58 5b 50 44 8b 51 08 49
0x000001f40bf90f94:   bb 00 00 00 17 f4 01 00 00 4d 03 d3 4c 8b 5b 10
0x000001f40bf90fa4:   4b 8b 9c da c0 01 00 00 48 85 db 0f 84 10 00 00
0x000001f40bf90fb4:   00 41 80 bf d8 05 00 00 00 74 03 ff 63 38 ff 63
0x000001f40bf90fc4:   50 e9 36 16 00 00 66 66 66 0f 1f 84 00 00 00 00
0x000001f40bf90fd4:   00 66 66 66 90 0f 1f 80 00 00 00 00 58 5b 50 8b
0x000001f40bf90fe4:   5b 24 48 c1 e3 03 48 8b 5b 10 48 85 db 0f 84 10
0x000001f40bf90ff4:   00 00 00 41 80 bf d8 05 00 00 00 74 03 ff 63 38
0x000001f40bf91004:   ff 63 50 e9 f4 15 00 00 66 66 66 0f 1f 84 00 00
0x000001f40bf91014:   00 00 00 66 66 66 90 0f 1f 44 00 00 48 8b 53 08
0x000001f40bf91024:   0f b7 52 2e 48 8b 0c d4 58 5b 50 48 3b 01 8b 5b
0x000001f40bf91034:   24 48 c1 e3 03 48 8b 5b 10 48 85 db 0f 84 10 00
0x000001f40bf91044:   00 00 41 80 bf d8 05 00 00 00 74 03 ff 63 38 ff
0x000001f40bf91054:   63 50 e9 a5 15 00 00 0f 1f 44 00 00 48 8b 53 08
0x000001f40bf91064:   0f b7 52 2e 48 8b 0c d4 58 5b 50 44 8b 51 08 49
0x000001f40bf91074:   bb 00 00 00 17 f4 01 00 00 4d 03 d3 8b 43 18 48
0x000001f40bf91084:   c1 e0 03 48 8b 40 10 48 8b 5b 10 45 8b 9a a0 00
0x000001f40bf91094:   00 00 4f 8d 9c da c0 01 00 00 4d 8d 14 da 49 8b 


Stack slot to memory mapping:

stack at sp + 0 slots: 0x000001f40bf6958b is at code_begin+4363 in an Interpreter codelet
return entry points  [0x000001f40bf68480, 0x000001f40bf6a298]  7704 bytes
stack at sp + 1 slots: 0x00000007051b81b0 is an oop: com.fullstack.ems.controller.EmployeeController 
{0x00000007051b81b0} - klass: 'com/fullstack/ems/controller/EmployeeController'
 - ---- fields (total size 2 words):
 - private 'employeeServiceImpl' 'Lcom/fullstack/ems/service/EmployeeServiceImpl;' @12  a 'com/fullstack/ems/service/EmployeeServiceImpl'{0x00000007051b8078} (0xe0a3700f)
stack at sp + 2 slots: 0x000000dd4edfd3b8 is pointing into the stack for thread: 0x000001f45f9c4ce0
stack at sp + 3 slots: 0x000001f458b28a73 is pointing into metadata
stack at sp + 4 slots: 0x0000000000000005 is an unknown value
stack at sp + 5 slots: 0x000001f458b28bc0 is pointing into metadata
stack at sp + 6 slots: 0x0 is null
stack at sp + 7 slots: 0x0000000703158900 is an oop: java.lang.Class 
{0x0000000703158900} - klass: 'java/lang/Class'
 - ---- fields (total size 15 words):
 - private volatile transient 'classRedefinedCount' 'I' @12  0 (0x00000000)
 - injected 'klass' 'J' @16  2147888088064 (0x000001f4181b4400)
 - injected 'array_klass' 'J' @24  0 (0x0000000000000000)
 - injected 'oop_size' 'I' @32  15 (0x0000000f)
 - injected 'static_oop_field_count' 'I' @36  1 (0x00000001)
 - private volatile transient 'cachedConstructor' 'Ljava/lang/reflect/Constructor;' @40  null (0x00000000)
 - private transient 'name' 'Ljava/lang/String;' @44  null (0x00000000)
 - private transient 'module' 'Ljava/lang/Module;' @48  a 'java/lang/Module'{0x0000000702adc380} (0xe055b870)
 - private final 'classLoader' 'Ljava/lang/ClassLoader;' @52  null (0x00000000)
 - private transient 'classData' 'Ljava/lang/Object;' @56  a 'java/lang/invoke/LambdaForm'{0x0000000702e9e380} => a 'java/lang/invoke/MemberName'{0x0000000702e9e4b0} = {method} {0x000001f458b28a88} 'invokeVirtual' '(Ljava/lang/Object;Ljava/lang/Object;Ljava/lang/Object;)Ljava/lang/Object;' in 'java/lang/invoke/LambdaForm$DMH+0x000001f4181b4400' (0xe05d3c70)
 - private transient 'packageName' 'Ljava/lang/String;' @60  null (0x00000000)
 - private final 'componentType' 'Ljava/lang/Class;' @64  null (0x00000000)
 - private volatile transient 'reflectionData' 'Ljava/lang/ref/SoftReference;' @68  null (0x00000000)
 - private volatile transient 'genericInfo' 'Lsun/reflect/generics/repository/ClassRepository;' @72  null (0x00000000)
 - private volatile transient 'enumConstants' '[Ljava/lang/Object;' @76  null (0x00000000)
 - private volatile transient 'enumConstantDirectory' 'Ljava/util/Map;' @80  null (0x00000000)
 - private volatile transient 'annotationData' 'Ljava/lang/Class$AnnotationData;' @84  null (0x00000000)
 - private volatile transient 'annotationType' 'Lsun/reflect/annotation/AnnotationType;' @88  null (0x00000000)
 - transient 'classValueMap' 'Ljava/lang/ClassValue$ClassValueMap;' @92  null (0x00000000)
 - injected 'protection_domain' 'Ljava/lang/Object;' @96  null (0x00000000)
 - injected 'signers_name' 'Ljava/lang/Object;' @100  null (0x00000000)
 - injected 'source_file' 'Ljava/lang/Object;' @104  null (0x00000000)
 - signature: Ljava/lang/invoke/LambdaForm$DMH+0x000001f4181b4400;
 - ---- static fields (1):
 - static final '_D_0' 'Ljava/lang/invoke/LambdaForm;' @112  a 'java/lang/invoke/LambdaForm'{0x0000000702e9e380} => a 'java/lang/invoke/MemberName'{0x0000000702e9e4b0} = {method} {0x000001f458b28a88} 'invokeVirtual' '(Ljava/lang/Object;Ljava/lang/Object;Ljava/lang/Object;)Ljava/lang/Object;' in 'java/lang/invoke/LambdaForm$DMH+0x000001f4181b4400' (0xe05d3c70)

MethodHandle::interpreter_entry::_linkToVirtual [0x000001f40bf90f63, 0x000001f40bf90fca] (103 bytes)
[MachCode]
  0x000001f40bf90f63: 6666 660f | 1f84 0000 | 0000 0066 | 6666 9066 | 660f 1f84 | 0000 0000 | 0066 6666 | 9048 8b53 
  0x000001f40bf90f83: 080f b752 | 2e48 8b0c | d458 5b50 | 448b 5108 | 49bb 0000 | 0017 f401 | 0000 4d03 | d34c 8b5b 
  0x000001f40bf90fa3: 104b 8b9c | dac0 0100 | 0048 85db | 0f84 1000 | 0000 4180 | bfd8 0500 | 0000 7403 | ff63 38ff 
  0x000001f40bf90fc3: 6350 e936 | 
[/MachCode]

---------------  P R O C E S S  ---------------

Threads class SMR info:
_java_thread_list=0x000001f45f9ddca0, length=38, elements={
0x000001f416ee1470, 0x000001f416ee31a0, 0x000001f416ee5e80, 0x000001f416ee8f20,
0x000001f416ef2af0, 0x000001f416ef4550, 0x000001f416ef84a0, 0x000001f45c16aea0,
0x000001f45c23e2a0, 0x000001f45c2218a0, 0x000001f45c244a60, 0x000001f45c9bb540,
0x000001f45cb3d360, 0x000001f45cba9030, 0x000001f45cbcaf00, 0x000001f45d1c2930,
0x000001f45d1cc8a0, 0x000001f45e55d1b0, 0x000001f45e55ebf0, 0x000001f45f9c7440,
0x000001f45f9c5370, 0x000001f45f9c7ad0, 0x000001f45f9c8160, 0x000001f45f9c11d0,
0x000001f45f9c6720, 0x000001f45f9c1860, 0x000001f45f9c1ef0, 0x000001f45f9c2580,
0x000001f45f9c2c10, 0x000001f45f9c5a00, 0x000001f45f9c32a0, 0x000001f45f9c3fc0,
0x000001f45f9c3930, 0x000001f45f9c6090, 0x000001f45f9c4ce0, 0x000001f45e561350,
0x000001f45e55b0e0, 0x000001f45e55c490
}

Java Threads: ( => current thread )
  0x000001f416ee1470 JavaThread "Reference Handler"          daemon [_thread_blocked, id=11256, stack(0x000000dd4c000000,0x000000dd4c100000) (1024K)]
  0x000001f416ee31a0 JavaThread "Finalizer"                  daemon [_thread_blocked, id=12220, stack(0x000000dd4c100000,0x000000dd4c200000) (1024K)]
  0x000001f416ee5e80 JavaThread "Signal Dispatcher"          daemon [_thread_blocked, id=9200, stack(0x000000dd4c200000,0x000000dd4c300000) (1024K)]
  0x000001f416ee8f20 JavaThread "Attach Listener"            daemon [_thread_blocked, id=3056, stack(0x000000dd4c300000,0x000000dd4c400000) (1024K)]
  0x000001f416ef2af0 JavaThread "Service Thread"             daemon [_thread_blocked, id=11696, stack(0x000000dd4c400000,0x000000dd4c500000) (1024K)]
  0x000001f416ef4550 JavaThread "Monitor Deflation Thread"   daemon [_thread_blocked, id=12312, stack(0x000000dd4c500000,0x000000dd4c600000) (1024K)]
  0x000001f416ef84a0 JavaThread "C1 CompilerThread0"         daemon [_thread_blocked, id=11900, stack(0x000000dd4c600000,0x000000dd4c700000) (1024K)]
  0x000001f45c16aea0 JavaThread "Common-Cleaner"             daemon [_thread_blocked, id=4064, stack(0x000000dd4c700000,0x000000dd4c800000) (1024K)]
  0x000001f45c23e2a0 JavaThread "JDWP Transport Listener: dt_socket" daemon [_thread_blocked, id=5060, stack(0x000000dd4c900000,0x000000dd4ca00000) (1024K)]
  0x000001f45c2218a0 JavaThread "JDWP Event Helper Thread"   daemon [_thread_blocked, id=6512, stack(0x000000dd4ca00000,0x000000dd4cb00000) (1024K)]
  0x000001f45c244a60 JavaThread "JDWP Command Reader"        daemon [_thread_in_native, id=16140, stack(0x000000dd4cb00000,0x000000dd4cc00000) (1024K)]
  0x000001f45c9bb540 JavaThread "Notification Thread"        daemon [_thread_blocked, id=5820, stack(0x000000dd4cc00000,0x000000dd4cd00000) (1024K)]
  0x000001f45cb3d360 JavaThread "RMI TCP Accept-0"           daemon [_thread_in_native, id=13784, stack(0x000000dd4cf00000,0x000000dd4d000000) (1024K)]
  0x000001f45cba9030 JavaThread "RMI TCP Accept-50985"       daemon [_thread_in_native, id=1180, stack(0x000000dd4d000000,0x000000dd4d100000) (1024K)]
  0x000001f45cbcaf00 JavaThread "RMI TCP Accept-0"           daemon [_thread_in_native, id=3424, stack(0x000000dd4da00000,0x000000dd4db00000) (1024K)]
  0x000001f45d1c2930 JavaThread "RMI Scheduler(0)"           daemon [_thread_blocked, id=976, stack(0x000000dd4dc00000,0x000000dd4dd00000) (1024K)]
  0x000001f45d1cc8a0 JavaThread "JMX server connection timeout 40" daemon [_thread_blocked, id=4492, stack(0x000000dd4de00000,0x000000dd4df00000) (1024K)]
  0x000001f45e55d1b0 JavaThread "mysql-cj-abandoned-connection-cleanup" daemon [_thread_blocked, id=15008, stack(0x000000dd4e600000,0x000000dd4e700000) (1024K)]
  0x000001f45e55ebf0 JavaThread "Live Reload Server"         daemon [_thread_in_native, id=9588, stack(0x000000dd4ec00000,0x000000dd4ed00000) (1024K)]
  0x000001f45f9c7440 JavaThread "DestroyJavaVM"                     [_thread_blocked, id=10264, stack(0x000000dd4b800000,0x000000dd4b900000) (1024K)]
  0x000001f45f9c5370 JavaThread "RMI TCP Connection(idle)"   daemon [_thread_blocked, id=4044, stack(0x000000dd4b700000,0x000000dd4b800000) (1024K)]
  0x000001f45f9c7ad0 JavaThread "Catalina-utility-1"                [_thread_blocked, id=372, stack(0x000000dd4cd00000,0x000000dd4ce00000) (1024K)]
  0x000001f45f9c8160 JavaThread "Catalina-utility-2"                [_thread_blocked, id=8324, stack(0x000000dd4ce00000,0x000000dd4cf00000) (1024K)]
  0x000001f45f9c11d0 JavaThread "container-0"                       [_thread_blocked, id=5176, stack(0x000000dd4db00000,0x000000dd4dc00000) (1024K)]
  0x000001f45f9c6720 JavaThread "HikariPool-10 housekeeper"  daemon [_thread_blocked, id=1976, stack(0x000000dd4dd00000,0x000000dd4de00000) (1024K)]
  0x000001f45f9c1860 JavaThread "File Watcher"               daemon [_thread_blocked, id=5848, stack(0x000000dd4e000000,0x000000dd4e100000) (1024K)]
  0x000001f45f9c1ef0 JavaThread "http-nio-8080-exec-1"       daemon [_thread_blocked, id=1756, stack(0x000000dd4e100000,0x000000dd4e200000) (1024K)]
  0x000001f45f9c2580 JavaThread "http-nio-8080-exec-2"       daemon [_thread_blocked, id=6912, stack(0x000000dd4e400000,0x000000dd4e500000) (1024K)]
  0x000001f45f9c2c10 JavaThread "http-nio-8080-exec-3"       daemon [_thread_blocked, id=9960, stack(0x000000dd4e500000,0x000000dd4e600000) (1024K)]
  0x000001f45f9c5a00 JavaThread "http-nio-8080-exec-4"       daemon [_thread_blocked, id=4768, stack(0x000000dd4e700000,0x000000dd4e800000) (1024K)]
  0x000001f45f9c32a0 JavaThread "http-nio-8080-exec-5"       daemon [_thread_blocked, id=1476, stack(0x000000dd4e800000,0x000000dd4e900000) (1024K)]
  0x000001f45f9c3fc0 JavaThread "http-nio-8080-exec-6"       daemon [_thread_blocked, id=11736, stack(0x000000dd4e900000,0x000000dd4ea00000) (1024K)]
  0x000001f45f9c3930 JavaThread "http-nio-8080-exec-7"       daemon [_thread_blocked, id=4400, stack(0x000000dd4ea00000,0x000000dd4eb00000) (1024K)]
  0x000001f45f9c6090 JavaThread "http-nio-8080-exec-8"       daemon [_thread_blocked, id=5016, stack(0x000000dd4eb00000,0x000000dd4ec00000) (1024K)]
=>0x000001f45f9c4ce0 JavaThread "http-nio-8080-exec-9"       daemon [_thread_in_Java, id=15356, stack(0x000000dd4ed00000,0x000000dd4ee00000) (1024K)]
  0x000001f45e561350 JavaThread "http-nio-8080-exec-10"      daemon [_thread_blocked, id=8536, stack(0x000000dd4ee00000,0x000000dd4ef00000) (1024K)]
  0x000001f45e55b0e0 JavaThread "http-nio-8080-Poller"       daemon [_thread_in_native, id=8020, stack(0x000000dd4ef00000,0x000000dd4f000000) (1024K)]
  0x000001f45e55c490 JavaThread "http-nio-8080-Acceptor"     daemon [_thread_in_native, id=11520, stack(0x000000dd4f000000,0x000000dd4f100000) (1024K)]
Total: 38

Other Threads:
  0x000001f416ec7ab0 VMThread "VM Thread"                           [id=9728, stack(0x000000dd4bf00000,0x000000dd4c000000) (1024K)]
  0x000001f416eb55a0 WatcherThread "VM Periodic Task Thread"        [id=15760, stack(0x000000dd4be00000,0x000000dd4bf00000) (1024K)]
  0x000001f403b4d930 WorkerThread "GC Thread#0"                     [id=16012, stack(0x000000dd4b900000,0x000000dd4ba00000) (1024K)]
  0x000001f45c9cb690 WorkerThread "GC Thread#1"                     [id=10872, stack(0x000000dd4d100000,0x000000dd4d200000) (1024K)]
  0x000001f45c9d1c10 WorkerThread "GC Thread#2"                     [id=15824, stack(0x000000dd4d200000,0x000000dd4d300000) (1024K)]
  0x000001f45c9d1fb0 WorkerThread "GC Thread#3"                     [id=2792, stack(0x000000dd4d300000,0x000000dd4d400000) (1024K)]
  0x000001f45c9d2b60 WorkerThread "GC Thread#4"                     [id=8888, stack(0x000000dd4d400000,0x000000dd4d500000) (1024K)]
  0x000001f45c9d2f00 WorkerThread "GC Thread#5"                     [id=6124, stack(0x000000dd4d500000,0x000000dd4d600000) (1024K)]
  0x000001f45cbeefd0 WorkerThread "GC Thread#6"                     [id=13500, stack(0x000000dd4d600000,0x000000dd4d700000) (1024K)]
  0x000001f45cbef370 WorkerThread "GC Thread#7"                     [id=14124, stack(0x000000dd4d700000,0x000000dd4d800000) (1024K)]
  0x000001f45cbef710 WorkerThread "GC Thread#8"                     [id=6440, stack(0x000000dd4d800000,0x000000dd4d900000) (1024K)]
  0x000001f45cbf26c0 WorkerThread "GC Thread#9"                     [id=16380, stack(0x000000dd4d900000,0x000000dd4da00000) (1024K)]
  0x000001f403b5f5f0 ConcurrentGCThread "G1 Main Marker"            [id=2036, stack(0x000000dd4ba00000,0x000000dd4bb00000) (1024K)]
  0x000001f403b600f0 WorkerThread "G1 Conc#0"                       [id=9496, stack(0x000000dd4bb00000,0x000000dd4bc00000) (1024K)]
  0x000001f45cbf2a60 WorkerThread "G1 Conc#1"                       [id=10940, stack(0x000000dd4e200000,0x000000dd4e300000) (1024K)]
  0x000001f45cbf38e0 WorkerThread "G1 Conc#2"                       [id=9272, stack(0x000000dd4e300000,0x000000dd4e400000) (1024K)]
  0x000001f416d87630 ConcurrentGCThread "G1 Refine#0"               [id=14776, stack(0x000000dd4bc00000,0x000000dd4bd00000) (1024K)]
  0x000001f416d881a0 ConcurrentGCThread "G1 Service"                [id=6448, stack(0x000000dd4bd00000,0x000000dd4be00000) (1024K)]
Total: 18

Threads with active compile tasks:
Total: 0

VM state: not at safepoint (normal execution)

VM Mutex/Monitor currently owned by a thread: None

Heap address: 0x0000000702800000, size: 4056 MB, Compressed Oops mode: Zero based, Oop shift amount: 3

CDS archive(s) mapped at: [0x000001f417000000-0x000001f417c90000-0x000001f417c90000), size 13172736, SharedBaseAddress: 0x000001f417000000, ArchiveRelocationMode: 1.
Compressed class space mapped at: 0x000001f418000000-0x000001f458000000, reserved size: 1073741824
Narrow klass base: 0x000001f417000000, Narrow klass shift: 0, Narrow klass range: 0x100000000

GC Precious Log:
 CardTable entry size: 512
 Card Set container configuration: InlinePtr #cards 4 size 8 Array Of Cards #cards 16 size 48 Howl #buckets 8 coarsen threshold 3686 Howl Bitmap #cards 512 size 80 coarsen threshold 460 Card regions per heap region 1 cards per card region 4096
 CPUs: 12 total, 12 available
 Memory: 16220M
 Large Page Support: Disabled
 NUMA Support: Disabled
 Compressed Oops: Enabled (Zero based)
 Heap Region Size: 2M
 Heap Min Capacity: 8M
 Heap Initial Capacity: 254M
 Heap Max Capacity: 4056M
 Pre-touch: Disabled
 Parallel Workers: 10
 Concurrent Workers: 3
 Concurrent Refinement Workers: 10
 Periodic GC: Disabled

Heap:
 garbage-first heap   total 90112K, used 64950K [0x0000000702800000, 0x0000000800000000)
  region size 2048K, 20 young (40960K), 2 survivors (4096K)
 Metaspace       used 73308K, committed 74048K, reserved 1114112K
  class space    used 9932K, committed 10240K, reserved 1048576K

Heap Regions: E=young(eden), S=young(survivor), O=old, HS=humongous(starts), HC=humongous(continues), CS=collection set, F=free, TAMS=top-at-mark-start, PB=parsable bottom
|   0|0x0000000702800000, 0x0000000702a00000, 0x0000000702a00000|100%| O|  |TAMS 0x0000000702800000| PB 0x0000000702800000| Untracked 
|   1|0x0000000702a00000, 0x0000000702bfffe8, 0x0000000702c00000| 99%| O|  |TAMS 0x0000000702a00000| PB 0x0000000702a00000| Untracked 
|   2|0x0000000702c00000, 0x0000000702e00000, 0x0000000702e00000|100%| O|  |TAMS 0x0000000702c00000| PB 0x0000000702c00000| Untracked 
|   3|0x0000000702e00000, 0x0000000702ffffe8, 0x0000000703000000| 99%| O|  |TAMS 0x0000000702e00000| PB 0x0000000702e00000| Untracked 
|   4|0x0000000703000000, 0x00000007031ffff8, 0x0000000703200000| 99%| O|  |TAMS 0x0000000703000000| PB 0x0000000703000000| Untracked 
|   5|0x0000000703200000, 0x00000007033ffff8, 0x0000000703400000| 99%| O|  |TAMS 0x0000000703200000| PB 0x0000000703200000| Untracked 
|   6|0x0000000703400000, 0x00000007035fffe8, 0x0000000703600000| 99%| O|  |TAMS 0x0000000703400000| PB 0x0000000703400000| Untracked 
|   7|0x0000000703600000, 0x00000007037fa0a8, 0x0000000703800000| 98%| O|  |TAMS 0x0000000703600000| PB 0x0000000703600000| Untracked 
|   8|0x0000000703800000, 0x00000007039fffd0, 0x0000000703a00000| 99%| O|  |TAMS 0x0000000703800000| PB 0x0000000703800000| Untracked 
|   9|0x0000000703a00000, 0x0000000703c00000, 0x0000000703c00000|100%| O|  |TAMS 0x0000000703a00000| PB 0x0000000703a00000| Untracked 
|  10|0x0000000703c00000, 0x0000000703dffff8, 0x0000000703e00000| 99%| O|  |TAMS 0x0000000703c00000| PB 0x0000000703c00000| Untracked 
|  11|0x0000000703e00000, 0x0000000703fff9e8, 0x0000000704000000| 99%| O|  |TAMS 0x0000000703e00000| PB 0x0000000703e00000| Untracked 
|  12|0x0000000704000000, 0x00000007040a6d40, 0x0000000704200000| 32%| O|  |TAMS 0x0000000704000000| PB 0x0000000704000000| Untracked 
|  13|0x0000000704200000, 0x000000070421c2e8, 0x0000000704400000|  5%| O|  |TAMS 0x0000000704200000| PB 0x0000000704200000| Untracked 
|  14|0x0000000704400000, 0x0000000704489800, 0x0000000704600000| 26%| O|  |TAMS 0x0000000704400000| PB 0x0000000704400000| Untracked 
|  15|0x0000000704600000, 0x0000000704640bb8, 0x0000000704800000| 12%| O|  |TAMS 0x0000000704600000| PB 0x0000000704600000| Untracked 
|  16|0x0000000704800000, 0x0000000704800000, 0x0000000704a00000|  0%| F|  |TAMS 0x0000000704800000| PB 0x0000000704800000| Untracked 
|  17|0x0000000704a00000, 0x0000000704a00000, 0x0000000704c00000|  0%| F|  |TAMS 0x0000000704a00000| PB 0x0000000704a00000| Untracked 
|  18|0x0000000704c00000, 0x0000000704c00000, 0x0000000704e00000|  0%| F|  |TAMS 0x0000000704c00000| PB 0x0000000704c00000| Untracked 
|  19|0x0000000704e00000, 0x0000000704fe6dd8, 0x0000000705000000| 95%| S|CS|TAMS 0x0000000704e00000| PB 0x0000000704e00000| Complete 
|  20|0x0000000705000000, 0x0000000705200000, 0x0000000705200000|100%| S|CS|TAMS 0x0000000705000000| PB 0x0000000705000000| Complete 
|  21|0x0000000705200000, 0x0000000705200000, 0x0000000705400000|  0%| F|  |TAMS 0x0000000705200000| PB 0x0000000705200000| Untracked 
|  22|0x0000000705400000, 0x0000000705400000, 0x0000000705600000|  0%| F|  |TAMS 0x0000000705400000| PB 0x0000000705400000| Untracked 
|  23|0x0000000705600000, 0x0000000705600000, 0x0000000705800000|  0%| F|  |TAMS 0x0000000705600000| PB 0x0000000705600000| Untracked 
|  24|0x0000000705800000, 0x0000000705800000, 0x0000000705a00000|  0%| F|  |TAMS 0x0000000705800000| PB 0x0000000705800000| Untracked 
|  25|0x0000000705a00000, 0x0000000705a00000, 0x0000000705c00000|  0%| F|  |TAMS 0x0000000705a00000| PB 0x0000000705a00000| Untracked 
|  26|0x0000000705c00000, 0x0000000705cecb28, 0x0000000705e00000| 46%| E|  |TAMS 0x0000000705c00000| PB 0x0000000705c00000| Complete 
|  27|0x0000000705e00000, 0x0000000706000000, 0x0000000706000000|100%| E|CS|TAMS 0x0000000705e00000| PB 0x0000000705e00000| Complete 
|  28|0x0000000706000000, 0x0000000706200000, 0x0000000706200000|100%| E|CS|TAMS 0x0000000706000000| PB 0x0000000706000000| Complete 
|  29|0x0000000706200000, 0x0000000706400000, 0x0000000706400000|100%| E|CS|TAMS 0x0000000706200000| PB 0x0000000706200000| Complete 
|  30|0x0000000706400000, 0x0000000706600000, 0x0000000706600000|100%| E|CS|TAMS 0x0000000706400000| PB 0x0000000706400000| Complete 
|  31|0x0000000706600000, 0x0000000706800000, 0x0000000706800000|100%| E|CS|TAMS 0x0000000706600000| PB 0x0000000706600000| Complete 
|  32|0x0000000706800000, 0x0000000706a00000, 0x0000000706a00000|100%| E|CS|TAMS 0x0000000706800000| PB 0x0000000706800000| Complete 
|  33|0x0000000706a00000, 0x0000000706c00000, 0x0000000706c00000|100%| E|CS|TAMS 0x0000000706a00000| PB 0x0000000706a00000| Complete 
|  34|0x0000000706c00000, 0x0000000706e00000, 0x0000000706e00000|100%| E|CS|TAMS 0x0000000706c00000| PB 0x0000000706c00000| Complete 
|  35|0x0000000706e00000, 0x0000000707000000, 0x0000000707000000|100%| E|CS|TAMS 0x0000000706e00000| PB 0x0000000706e00000| Complete 
|  36|0x0000000707000000, 0x0000000707200000, 0x0000000707200000|100%| E|CS|TAMS 0x0000000707000000| PB 0x0000000707000000| Complete 
|  37|0x0000000707200000, 0x0000000707400000, 0x0000000707400000|100%| E|CS|TAMS 0x0000000707200000| PB 0x0000000707200000| Complete 
|  38|0x0000000707400000, 0x0000000707600000, 0x0000000707600000|100%| E|CS|TAMS 0x0000000707400000| PB 0x0000000707400000| Complete 
|  39|0x0000000707600000, 0x0000000707800000, 0x0000000707800000|100%| E|CS|TAMS 0x0000000707600000| PB 0x0000000707600000| Complete 
|  40|0x0000000707800000, 0x0000000707a00000, 0x0000000707a00000|100%| E|CS|TAMS 0x0000000707800000| PB 0x0000000707800000| Complete 
|  41|0x0000000707a00000, 0x0000000707c00000, 0x0000000707c00000|100%| E|CS|TAMS 0x0000000707a00000| PB 0x0000000707a00000| Complete 
|  42|0x0000000707c00000, 0x0000000707e00000, 0x0000000707e00000|100%| E|CS|TAMS 0x0000000707c00000| PB 0x0000000707c00000| Complete 
|  43|0x0000000707e00000, 0x0000000708000000, 0x0000000708000000|100%| E|CS|TAMS 0x0000000707e00000| PB 0x0000000707e00000| Complete 

Card table byte_map: [0x000001f40fa80000,0x000001f410270000] _byte_map_base: 0x000001f40c26c000

Marking Bits: (CMBitMap*) 0x000001f403b4e030
 Bits: [0x000001f410270000, 0x000001f4141d0000)

Polling page: 0x000001f4032a0000

Metaspace:

Usage:
  Non-class:     61.89 MB used.
      Class:      9.70 MB used.
       Both:     71.59 MB used.

Virtual space:
  Non-class space:       64.00 MB reserved,      62.31 MB ( 97%) committed,  1 nodes.
      Class space:        1.00 GB reserved,      10.00 MB ( <1%) committed,  1 nodes.
             Both:        1.06 GB reserved,      72.31 MB (  7%) committed. 

Chunk freelists:
   Non-Class:  1.47 MB
       Class:  5.92 MB
        Both:  7.39 MB

MaxMetaspaceSize: unlimited
CompressedClassSpaceSize: 1.00 GB
Initial GC threshold: 21.00 MB
Current GC threshold: 119.38 MB
CDS: on
 - commit_granule_bytes: 65536.
 - commit_granule_words: 8192.
 - virtual_space_node_default_size: 8388608.
 - enlarge_chunks_in_place: 1.
 - use_allocation_guard: 0.


Internal statistics:

num_allocs_failed_limit: 6.
num_arena_births: 1206.
num_arena_deaths: 442.
num_vsnodes_births: 2.
num_vsnodes_deaths: 0.
num_space_committed: 1157.
num_space_uncommitted: 0.
num_chunks_returned_to_freelist: 508.
num_chunks_taken_from_freelist: 4035.
num_chunk_merges: 117.
num_chunk_splits: 2618.
num_chunks_enlarged: 2041.
num_inconsistent_stats: 0.

CodeCache: size=49152Kb used=15947Kb max_used=17117Kb free=33204Kb
 bounds [0x000001f40bf60000, 0x000001f40d060000, 0x000001f40ef60000]
 total_blobs=8491 nmethods=7762 adapters=652
 compilation: enabled
              stopped_count=0, restarted_count=0
 full_count=0

Compilation events (20 events):
Event: 1440.761 Thread 0x000001f416ef84a0 10272       1       java.io.BufferedOutputStream::<init> (63 bytes)
Event: 1440.762 Thread 0x000001f416ef84a0 nmethod 10272 0x000001f40c640f90 code [0x000001f40c641180, 0x000001f40c6418f0]
Event: 1458.075 Thread 0x000001f416ef84a0 10273       1       org.apache.tomcat.util.http.parser.Host$MessageBytesReader::read (34 bytes)
Event: 1458.075 Thread 0x000001f416ef84a0 nmethod 10273 0x000001f40c640c10 code [0x000001f40c640da0, 0x000001f40c640ee0]
Event: 1458.075 Thread 0x000001f416ef84a0 10274       1       org.springframework.web.cors.CorsUtils::isPreFlightRequest (43 bytes)
Event: 1458.075 Thread 0x000001f416ef84a0 nmethod 10274 0x000001f40c640710 code [0x000001f40c6408e0, 0x000001f40c640ab8]
Event: 1476.573 Thread 0x000001f416ef84a0 10275   !   1       org.apache.catalina.startup.Tomcat$FixContextListener::lifecycleEvent (81 bytes)
Event: 1476.576 Thread 0x000001f416ef84a0 nmethod 10275 0x000001f40c63f890 code [0x000001f40c63fae0, 0x000001f40c640120]
Event: 1476.576 Thread 0x000001f416ef84a0 10276       1       org.apache.catalina.LifecycleEvent::getLifecycle (8 bytes)
Event: 1476.576 Thread 0x000001f416ef84a0 nmethod 10276 0x000001f40c63f510 code [0x000001f40c63f6a0, 0x000001f40c63f7c0]
Event: 1476.576 Thread 0x000001f416ef84a0 10277       1       org.springframework.boot.web.embedded.tomcat.TomcatServletWebServerFactory$StaticResourceConfigurer::lifecycleEvent (24 bytes)
Event: 1476.577 Thread 0x000001f416ef84a0 nmethod 10277 0x000001f40c63f010 code [0x000001f40c63f1e0, 0x000001f40c63f368]
Event: 1476.577 Thread 0x000001f416ef84a0 10278       1       org.apache.catalina.core.StandardHost$MemoryLeakTrackingListener::lifecycleEvent (66 bytes)
Event: 1476.578 Thread 0x000001f416ef84a0 nmethod 10278 0x000001f40c63e810 code [0x000001f40c63ea00, 0x000001f40c63ed80]
Event: 1476.578 Thread 0x000001f416ef84a0 10279       1       org.springframework.boot.autoconfigure.web.embedded.TomcatWebServerFactoryCustomizer$$Lambda/0x000001f418425520::lifecycleEvent (13 bytes)
Event: 1476.578 Thread 0x000001f416ef84a0 nmethod 10279 0x000001f40c63e510 code [0x000001f40c63e6a0, 0x000001f40c63e7a8]
Event: 1476.578 Thread 0x000001f416ef84a0 10280       1       org.springframework.boot.autoconfigure.web.embedded.TomcatWebServerFactoryCustomizer::lambda$customizeStaticResources$24 (56 bytes)
Event: 1476.579 Thread 0x000001f416ef84a0 nmethod 10280 0x000001f40cea6690 code [0x000001f40cea6880, 0x000001f40cea6c08]
Event: 1476.579 Thread 0x000001f416ef84a0 10281       1       org.springframework.boot.web.embedded.tomcat.TomcatWebServer$$Lambda/0x000001f418425c98::lifecycleEvent (13 bytes)
Event: 1476.580 Thread 0x000001f416ef84a0 nmethod 10281 0x000001f40c63dc90 code [0x000001f40c63de60, 0x000001f40c63e0b8]

GC Heap History (20 events):
Event: 474.488 GC heap before
{Heap before GC invocations=28 (full 5):
 garbage-first heap   total 90112K, used 73810K [0x0000000702800000, 0x0000000800000000)
  region size 2048K, 25 young (51200K), 0 survivors (0K)
 Metaspace       used 69099K, committed 69760K, reserved 1114112K
  class space    used 9391K, committed 9664K, reserved 1048576K
}
Event: 474.490 GC heap after
{Heap after GC invocations=29 (full 5):
 garbage-first heap   total 90112K, used 29088K [0x0000000702800000, 0x0000000800000000)
  region size 2048K, 3 young (6144K), 3 survivors (6144K)
 Metaspace       used 69099K, committed 69760K, reserved 1114112K
  class space    used 9391K, committed 9664K, reserved 1048576K
}
Event: 486.500 GC heap before
{Heap before GC invocations=29 (full 5):
 garbage-first heap   total 90112K, used 72096K [0x0000000702800000, 0x0000000800000000)
  region size 2048K, 25 young (51200K), 3 survivors (6144K)
 Metaspace       used 71873K, committed 72512K, reserved 1114112K
  class space    used 9781K, committed 10048K, reserved 1048576K
}
Event: 486.503 GC heap after
{Heap after GC invocations=30 (full 5):
 garbage-first heap   total 90112K, used 31165K [0x0000000702800000, 0x0000000800000000)
  region size 2048K, 4 young (8192K), 4 survivors (8192K)
 Metaspace       used 71873K, committed 72512K, reserved 1114112K
  class space    used 9781K, committed 10048K, reserved 1048576K
}
Event: 620.802 GC heap before
{Heap before GC invocations=30 (full 5):
 garbage-first heap   total 90112K, used 35261K [0x0000000702800000, 0x0000000800000000)
  region size 2048K, 7 young (14336K), 4 survivors (8192K)
 Metaspace       used 71942K, committed 72576K, reserved 1114112K
  class space    used 9788K, committed 10048K, reserved 1048576K
}
Event: 620.827 GC heap after
{Heap after GC invocations=31 (full 6):
 garbage-first heap   total 90112K, used 25826K [0x0000000702800000, 0x0000000800000000)
  region size 2048K, 0 young (0K), 0 survivors (0K)
 Metaspace       used 71939K, committed 72576K, reserved 1114112K
  class space    used 9788K, committed 10048K, reserved 1048576K
}
Event: 621.106 GC heap before
{Heap before GC invocations=31 (full 6):
 garbage-first heap   total 90112K, used 74978K [0x0000000702800000, 0x0000000800000000)
  region size 2048K, 25 young (51200K), 0 survivors (0K)
 Metaspace       used 72146K, committed 72768K, reserved 1114112K
  class space    used 9803K, committed 10048K, reserved 1048576K
}
Event: 621.108 GC heap after
{Heap after GC invocations=32 (full 6):
 garbage-first heap   total 90112K, used 30229K [0x0000000702800000, 0x0000000800000000)
  region size 2048K, 3 young (6144K), 3 survivors (6144K)
 Metaspace       used 72146K, committed 72768K, reserved 1114112K
  class space    used 9803K, committed 10048K, reserved 1048576K
}
Event: 627.719 GC heap before
{Heap before GC invocations=32 (full 6):
 garbage-first heap   total 90112K, used 48661K [0x0000000702800000, 0x0000000800000000)
  region size 2048K, 13 young (26624K), 3 survivors (6144K)
 Metaspace       used 72170K, committed 72832K, reserved 1114112K
  class space    used 9806K, committed 10048K, reserved 1048576K
}
Event: 627.741 GC heap after
{Heap after GC invocations=33 (full 7):
 garbage-first heap   total 90112K, used 25062K [0x0000000702800000, 0x0000000800000000)
  region size 2048K, 0 young (0K), 0 survivors (0K)
 Metaspace       used 72152K, committed 72832K, reserved 1114112K
  class space    used 9801K, committed 10048K, reserved 1048576K
}
Event: 628.032 GC heap before
{Heap before GC invocations=33 (full 7):
 garbage-first heap   total 90112K, used 74214K [0x0000000702800000, 0x0000000800000000)
  region size 2048K, 24 young (49152K), 0 survivors (0K)
 Metaspace       used 72336K, committed 72960K, reserved 1114112K
  class space    used 9816K, committed 10048K, reserved 1048576K
}
Event: 628.034 GC heap after
{Heap after GC invocations=34 (full 7):
 garbage-first heap   total 90112K, used 29330K [0x0000000702800000, 0x0000000800000000)
  region size 2048K, 3 young (6144K), 3 survivors (6144K)
 Metaspace       used 72336K, committed 72960K, reserved 1114112K
  class space    used 9816K, committed 10048K, reserved 1048576K
}
Event: 649.970 GC heap before
{Heap before GC invocations=34 (full 7):
 garbage-first heap   total 90112K, used 49810K [0x0000000702800000, 0x0000000800000000)
  region size 2048K, 14 young (28672K), 3 survivors (6144K)
 Metaspace       used 72378K, committed 73088K, reserved 1114112K
  class space    used 9819K, committed 10112K, reserved 1048576K
}
Event: 649.993 GC heap after
{Heap after GC invocations=35 (full 8):
 garbage-first heap   total 90112K, used 25243K [0x0000000702800000, 0x0000000800000000)
  region size 2048K, 0 young (0K), 0 survivors (0K)
 Metaspace       used 72375K, committed 73088K, reserved 1114112K
  class space    used 9819K, committed 10112K, reserved 1048576K
}
Event: 650.245 GC heap before
{Heap before GC invocations=35 (full 8):
 garbage-first heap   total 90112K, used 72347K [0x0000000702800000, 0x0000000800000000)
  region size 2048K, 24 young (49152K), 0 survivors (0K)
 Metaspace       used 72553K, committed 73280K, reserved 1114112K
  class space    used 9832K, committed 10112K, reserved 1048576K
}
Event: 650.247 GC heap after
{Heap after GC invocations=36 (full 8):
 garbage-first heap   total 90112K, used 29499K [0x0000000702800000, 0x0000000800000000)
  region size 2048K, 3 young (6144K), 3 survivors (6144K)
 Metaspace       used 72553K, committed 73280K, reserved 1114112K
  class space    used 9832K, committed 10112K, reserved 1048576K
}
Event: 1026.033 GC heap before
{Heap before GC invocations=36 (full 8):
 garbage-first heap   total 90112K, used 58171K [0x0000000702800000, 0x0000000800000000)
  region size 2048K, 18 young (36864K), 3 survivors (6144K)
 Metaspace       used 72663K, committed 73344K, reserved 1114112K
  class space    used 9851K, committed 10112K, reserved 1048576K
}
Event: 1026.058 GC heap after
{Heap after GC invocations=37 (full 9):
 garbage-first heap   total 90112K, used 26139K [0x0000000702800000, 0x0000000800000000)
  region size 2048K, 0 young (0K), 0 survivors (0K)
 Metaspace       used 72660K, committed 73344K, reserved 1114112K
  class space    used 9851K, committed 10112K, reserved 1048576K
}
Event: 1026.310 GC heap before
{Heap before GC invocations=37 (full 9):
 garbage-first heap   total 90112K, used 73243K [0x0000000702800000, 0x0000000800000000)
  region size 2048K, 23 young (47104K), 0 survivors (0K)
 Metaspace       used 72813K, committed 73536K, reserved 1114112K
  class space    used 9864K, committed 10176K, reserved 1048576K
}
Event: 1026.312 GC heap after
{Heap after GC invocations=38 (full 9):
 garbage-first heap   total 90112K, used 30134K [0x0000000702800000, 0x0000000800000000)
  region size 2048K, 2 young (4096K), 2 survivors (4096K)
 Metaspace       used 72813K, committed 73536K, reserved 1114112K
  class space    used 9864K, committed 10176K, reserved 1048576K
}

Dll operation events (12 events):
Event: 0.005 Loaded shared library C:\Program Files\Java\jdk-21\bin\java.dll
Event: 0.137 Loaded shared library C:\Program Files\Java\jdk-21\bin\zip.dll
Event: 0.139 Loaded shared library C:\Program Files\Java\jdk-21\bin\instrument.dll
Event: 0.142 Loaded shared library C:\Program Files\Java\jdk-21\bin\net.dll
Event: 0.142 Loaded shared library C:\Program Files\Java\jdk-21\bin\nio.dll
Event: 0.144 Loaded shared library C:\Program Files\Java\jdk-21\bin\zip.dll
Event: 0.210 Loaded shared library C:\Program Files\Java\jdk-21\bin\jimage.dll
Event: 0.234 Loaded shared library C:\Program Files\Java\jdk-21\bin\management.dll
Event: 0.238 Loaded shared library C:\Program Files\Java\jdk-21\bin\management_ext.dll
Event: 0.341 Loaded shared library C:\Program Files\Java\jdk-21\bin\extnet.dll
Event: 0.352 Loaded shared library C:\Program Files\Java\jdk-21\bin\verify.dll
Event: 0.907 Loaded shared library C:\Program Files\Java\jdk-21\bin\sunmscapi.dll

Deoptimization events (20 events):
Event: 1425.412 Thread 0x000001f45e561350 DEOPT PACKING pc=0x000001f40c45c0ec sp=0x000000dd4eefa5b0
Event: 1425.412 Thread 0x000001f45e561350 DEOPT UNPACKING pc=0x000001f40bfb4e42 sp=0x000000dd4eef9a88 mode 1
Event: 1425.432 Thread 0x000001f45e561350 DEOPT PACKING pc=0x000001f40c4a57d9 sp=0x000000dd4eef9920
Event: 1425.432 Thread 0x000001f45e561350 DEOPT UNPACKING pc=0x000001f40bfb4e42 sp=0x000000dd4eef8d78 mode 1
Event: 1425.432 Thread 0x000001f45e561350 DEOPT PACKING pc=0x000001f40c4a1b0c sp=0x000000dd4eef99b0
Event: 1425.432 Thread 0x000001f45e561350 DEOPT UNPACKING pc=0x000001f40bfb4e42 sp=0x000000dd4eef8e58 mode 1
Event: 1425.432 Thread 0x000001f45e561350 DEOPT PACKING pc=0x000001f40c45bdf4 sp=0x000000dd4eefa430
Event: 1425.432 Thread 0x000001f45e561350 DEOPT UNPACKING pc=0x000001f40bfb4e42 sp=0x000000dd4eef98f8 mode 1
Event: 1425.432 Thread 0x000001f45e561350 DEOPT PACKING pc=0x000001f40c45c0ec sp=0x000000dd4eefa4c0
Event: 1425.432 Thread 0x000001f45e561350 DEOPT UNPACKING pc=0x000001f40bfb4e42 sp=0x000000dd4eef9998 mode 1
Event: 1425.432 Thread 0x000001f45e561350 DEOPT PACKING pc=0x000001f40c4a57d9 sp=0x000000dd4eef9920
Event: 1425.432 Thread 0x000001f45e561350 DEOPT UNPACKING pc=0x000001f40bfb4e42 sp=0x000000dd4eef8d78 mode 1
Event: 1425.432 Thread 0x000001f45e561350 DEOPT PACKING pc=0x000001f40c4a1b0c sp=0x000000dd4eef99b0
Event: 1425.432 Thread 0x000001f45e561350 DEOPT UNPACKING pc=0x000001f40bfb4e42 sp=0x000000dd4eef8e58 mode 1
Event: 1425.432 Thread 0x000001f45e561350 DEOPT PACKING pc=0x000001f40c45bdf4 sp=0x000000dd4eefa430
Event: 1425.432 Thread 0x000001f45e561350 DEOPT UNPACKING pc=0x000001f40bfb4e42 sp=0x000000dd4eef98f8 mode 1
Event: 1425.432 Thread 0x000001f45e561350 DEOPT PACKING pc=0x000001f40c45c0ec sp=0x000000dd4eefa4c0
Event: 1425.432 Thread 0x000001f45e561350 DEOPT UNPACKING pc=0x000001f40bfb4e42 sp=0x000000dd4eef9998 mode 1
Event: 1528.636 Thread 0x000001f45f9c4ce0 DEOPT PACKING pc=0x000001f40cf95e3c sp=0x000000dd4edfd3c0
Event: 1528.636 Thread 0x000001f45f9c4ce0 DEOPT UNPACKING pc=0x000001f40bfb4e42 sp=0x000000dd4edfc868 mode 0

Classes loaded (20 events):
Event: 274.870 Loading class java/util/stream/ReferencePipeline$4$1
Event: 274.870 Loading class java/util/stream/ReferencePipeline$4$1 done
Event: 274.872 Loading class java/lang/Throwable$WrappedPrintWriter
Event: 274.872 Loading class java/lang/Throwable$WrappedPrintWriter done
Event: 274.873 Loading class java/time/format/DateTimeFormatterBuilder$ZoneTextPrinterParser
Event: 274.874 Loading class java/time/format/DateTimeFormatterBuilder$ZoneTextPrinterParser done
Event: 274.874 Loading class java/time/format/DateTimeFormatterBuilder$ReducedPrinterParser
Event: 274.874 Loading class java/time/format/DateTimeFormatterBuilder$ReducedPrinterParser done
Event: 274.890 Loading class java/util/stream/LongStream
Event: 274.890 Loading class java/util/stream/LongStream done
Event: 274.890 Loading class java/util/stream/DoubleStream
Event: 274.890 Loading class java/util/stream/DoubleStream done
Event: 479.902 Loading class java/util/ArrayList$SubList$2
Event: 479.902 Loading class java/util/ArrayList$SubList$2 done
Event: 486.471 Loading class java/util/regex/Pattern$Bound
Event: 486.471 Loading class java/util/regex/Pattern$Bound done
Event: 486.497 Loading class org/w3c/dom/Node
Event: 486.497 Loading class org/w3c/dom/Node done
Event: 486.497 Loading class org/w3c/dom/Document
Event: 486.497 Loading class org/w3c/dom/Document done

Classes unloaded (20 events):
Event: 474.190 Thread 0x000001f416ec7ab0 Unloading class 0x000001f4188d0400 'java/lang/invoke/LambdaForm$MH+0x000001f4188d0400'
Event: 474.190 Thread 0x000001f416ec7ab0 Unloading class 0x000001f4188d0800 'java/lang/invoke/LambdaForm$MH+0x000001f4188d0800'
Event: 474.190 Thread 0x000001f416ec7ab0 Unloading class 0x000001f418931800 'java/lang/invoke/LambdaForm$MH+0x000001f418931800'
Event: 474.190 Thread 0x000001f416ec7ab0 Unloading class 0x000001f418938000 'java/lang/invoke/LambdaForm$MH+0x000001f418938000'
Event: 474.190 Thread 0x000001f416ec7ab0 Unloading class 0x000001f418938c00 'java/lang/invoke/LambdaForm$MH+0x000001f418938c00'
Event: 474.190 Thread 0x000001f416ec7ab0 Unloading class 0x000001f41893a000 'java/lang/invoke/LambdaForm$MH+0x000001f41893a000'
Event: 474.190 Thread 0x000001f416ec7ab0 Unloading class 0x000001f418948800 'java/lang/invoke/LambdaForm$MH+0x000001f418948800'
Event: 474.190 Thread 0x000001f416ec7ab0 Unloading class 0x000001f4183e9800 'org/apache/catalina/loader/JdbcLeakPrevention'
Event: 620.809 Thread 0x000001f416ec7ab0 Unloading class 0x000001f41839b800 'org/apache/catalina/loader/JdbcLeakPrevention'
Event: 627.726 Thread 0x000001f416ec7ab0 Unloading class 0x000001f41800a400 'java/lang/invoke/LambdaForm$MH+0x000001f41800a400'
Event: 627.726 Thread 0x000001f416ec7ab0 Unloading class 0x000001f418394c00 'java/lang/invoke/LambdaForm$MH+0x000001f418394c00'
Event: 627.726 Thread 0x000001f416ec7ab0 Unloading class 0x000001f418396000 'java/lang/invoke/LambdaForm$MH+0x000001f418396000'
Event: 627.726 Thread 0x000001f416ec7ab0 Unloading class 0x000001f418396800 'java/lang/invoke/LambdaForm$MH+0x000001f418396800'
Event: 627.726 Thread 0x000001f416ec7ab0 Unloading class 0x000001f41839b400 'java/lang/invoke/LambdaForm$MH+0x000001f41839b400'
Event: 627.726 Thread 0x000001f416ec7ab0 Unloading class 0x000001f4183e9800 'java/lang/invoke/LambdaForm$MH+0x000001f4183e9800'
Event: 627.726 Thread 0x000001f416ec7ab0 Unloading class 0x000001f418948800 'java/lang/invoke/LambdaForm$MH+0x000001f418948800'
Event: 627.726 Thread 0x000001f416ec7ab0 Unloading class 0x000001f41893a000 'java/lang/invoke/LambdaForm$MH+0x000001f41893a000'
Event: 627.726 Thread 0x000001f416ec7ab0 Unloading class 0x000001f4189e4000 'org/apache/catalina/loader/JdbcLeakPrevention'
Event: 649.978 Thread 0x000001f416ec7ab0 Unloading class 0x000001f4189ecc00 'org/apache/catalina/loader/JdbcLeakPrevention'
Event: 1026.041 Thread 0x000001f416ec7ab0 Unloading class 0x000001f4189f0000 'org/apache/catalina/loader/JdbcLeakPrevention'

Classes redefined (20 events):
Event: 648.752 Thread 0x000001f416ec7ab0 redefined class name=com.fullstack.ems.controller.EmployeeController, count=3
Event: 1025.428 Thread 0x000001f416ec7ab0 redefined class name=com.fullstack.ems.controller.EmployeeController, count=8
Event: 1025.428 Thread 0x000001f416ec7ab0 redefined class name=com.fullstack.ems.controller.EmployeeController, count=2
Event: 1025.428 Thread 0x000001f416ec7ab0 redefined class name=com.fullstack.ems.controller.EmployeeController, count=7
Event: 1025.428 Thread 0x000001f416ec7ab0 redefined class name=com.fullstack.ems.controller.EmployeeController, count=1
Event: 1025.428 Thread 0x000001f416ec7ab0 redefined class name=com.fullstack.ems.controller.EmployeeController, count=5
Event: 1025.428 Thread 0x000001f416ec7ab0 redefined class name=com.fullstack.ems.controller.EmployeeController, count=9
Event: 1025.428 Thread 0x000001f416ec7ab0 redefined class name=com.fullstack.ems.controller.EmployeeController, count=6
Event: 1025.428 Thread 0x000001f416ec7ab0 redefined class name=com.fullstack.ems.controller.EmployeeController, count=3
Event: 1025.428 Thread 0x000001f416ec7ab0 redefined class name=com.fullstack.ems.controller.EmployeeController, count=4
Event: 1528.650 Thread 0x000001f416ec7ab0 redefined class name=com.fullstack.ems.controller.EmployeeController, count=1
Event: 1528.650 Thread 0x000001f416ec7ab0 redefined class name=com.fullstack.ems.controller.EmployeeController, count=9
Event: 1528.650 Thread 0x000001f416ec7ab0 redefined class name=com.fullstack.ems.controller.EmployeeController, count=3
Event: 1528.650 Thread 0x000001f416ec7ab0 redefined class name=com.fullstack.ems.controller.EmployeeController, count=8
Event: 1528.650 Thread 0x000001f416ec7ab0 redefined class name=com.fullstack.ems.controller.EmployeeController, count=2
Event: 1528.650 Thread 0x000001f416ec7ab0 redefined class name=com.fullstack.ems.controller.EmployeeController, count=6
Event: 1528.650 Thread 0x000001f416ec7ab0 redefined class name=com.fullstack.ems.controller.EmployeeController, count=10
Event: 1528.650 Thread 0x000001f416ec7ab0 redefined class name=com.fullstack.ems.controller.EmployeeController, count=7
Event: 1528.650 Thread 0x000001f416ec7ab0 redefined class name=com.fullstack.ems.controller.EmployeeController, count=4
Event: 1528.650 Thread 0x000001f416ec7ab0 redefined class name=com.fullstack.ems.controller.EmployeeController, count=5

Internal exceptions (20 events):
Event: 650.128 Thread 0x000001f45e55c490 Exception <a 'java/lang/NoClassDefFoundError'{0x00000007069e8d88}: org/springframework/session/jdbc/JdbcIndexedSessionRepository> (0x00000007069e8d88) 
thrown [s\open\src\hotspot\share\oops\constantPool.cpp, line 873]
Event: 650.154 Thread 0x000001f45e55c490 Exception <a 'java/io/FileNotFoundException'{0x0000000706085ea0}> (0x0000000706085ea0) 
thrown [s\open\src\hotspot\share\prims\jni.cpp, line 520]
Event: 650.163 Thread 0x000001f45e55c490 Exception <a 'java/io/FileNotFoundException'{0x0000000705e3a4c0}> (0x0000000705e3a4c0) 
thrown [s\open\src\hotspot\share\prims\jni.cpp, line 520]
Event: 667.492 Thread 0x000001f45e55f910 Exception <a 'java/lang/NoSuchMethodError'{0x0000000706b0a6b0}: 'void java.lang.invoke.DirectMethodHandle$Holder.invokeSpecialIFC(java.lang.Object, java.lang.Object, int, java.lang.Object, java.lang.Object, java.lang.Object, java.lang.Object)'> (0x0000000706b0a6b0) 
thrown [s\open\src\hotspot\share\interpreter\linkResolver.cpp, line 773]
Event: 1026.029 Thread 0x000001f45f9c3930 Exception <a 'java/io/IOException'{0x00000007065d4510}> (0x00000007065d4510) 
thrown [s\open\src\hotspot\share\prims\jni.cpp, line 520]
Event: 1026.029 Thread 0x000001f45f9c3930 Exception <a 'java/io/IOException'{0x00000007065d53d8}> (0x00000007065d53d8) 
thrown [s\open\src\hotspot\share\prims\jni.cpp, line 520]
Event: 1026.030 Thread 0x000001f45f9c3930 Exception <a 'java/io/IOException'{0x00000007065d73b0}> (0x00000007065d73b0) 
thrown [s\open\src\hotspot\share\prims\jni.cpp, line 520]
Event: 1026.030 Thread 0x000001f45f9c3930 Exception <a 'java/net/SocketException'{0x00000007065d91c0}: Connection reset by peer: shutdown> (0x00000007065d91c0) 
thrown [s\open\src\hotspot\share\prims\jni.cpp, line 539]
Event: 1026.031 Thread 0x000001f45f9c3930 Exception <a 'java/net/SocketException'{0x00000007065e0060}: Connection reset by peer: shutdown> (0x00000007065e0060) 
thrown [s\open\src\hotspot\share\prims\jni.cpp, line 539]
Event: 1026.033 Thread 0x000001f45e55b770 Exception <a 'java/lang/InterruptedException'{0x0000000706200040}: sleep interrupted> (0x0000000706200040) 
thrown [s\open\src\hotspot\share\prims\jvm.cpp, line 3074]
Event: 1026.067 Thread 0x000001f45f9c4650 Exception <a 'sun/nio/fs/WindowsException'{0x0000000707e7db00}> (0x0000000707e7db00) 
thrown [s\open\src\hotspot\share\prims\jni.cpp, line 520]
Event: 1026.192 Thread 0x000001f45f9c4650 Exception <a 'java/lang/NoClassDefFoundError'{0x0000000706977bc0}: org/flywaydb/core/Flyway> (0x0000000706977bc0) 
thrown [s\open\src\hotspot\share\oops\constantPool.cpp, line 873]
Event: 1026.192 Thread 0x000001f45f9c4650 Exception <a 'java/lang/NoClassDefFoundError'{0x0000000706978220}: liquibase/integration/spring/SpringLiquibase> (0x0000000706978220) 
thrown [s\open\src\hotspot\share\oops\constantPool.cpp, line 873]
Event: 1026.194 Thread 0x000001f45f9c4650 Exception <a 'java/lang/NoClassDefFoundError'{0x00000007069dcdb8}: org/jooq/DSLContext> (0x00000007069dcdb8) 
thrown [s\open\src\hotspot\share\oops\constantPool.cpp, line 873]
Event: 1026.195 Thread 0x000001f45f9c4650 Exception <a 'java/lang/NoClassDefFoundError'{0x00000007069e9768}: org/springframework/batch/core/repository/JobRepository> (0x00000007069e9768) 
thrown [s\open\src\hotspot\share\oops\constantPool.cpp, line 873]
Event: 1026.195 Thread 0x000001f45f9c4650 Exception <a 'java/lang/NoClassDefFoundError'{0x00000007069e9dc0}: org/quartz/Scheduler> (0x00000007069e9dc0) 
thrown [s\open\src\hotspot\share\oops\constantPool.cpp, line 873]
Event: 1026.195 Thread 0x000001f45f9c4650 Exception <a 'java/lang/NoClassDefFoundError'{0x00000007069ea440}: org/springframework/session/jdbc/JdbcIndexedSessionRepository> (0x00000007069ea440) 
thrown [s\open\src\hotspot\share\oops\constantPool.cpp, line 873]
Event: 1026.224 Thread 0x000001f45f9c4650 Exception <a 'java/io/FileNotFoundException'{0x0000000706086de0}> (0x0000000706086de0) 
thrown [s\open\src\hotspot\share\prims\jni.cpp, line 520]
Event: 1026.232 Thread 0x000001f45f9c4650 Exception <a 'java/io/FileNotFoundException'{0x0000000705e3a4d0}> (0x0000000705e3a4d0) 
thrown [s\open\src\hotspot\share\prims\jni.cpp, line 520]
Event: 1425.417 Thread 0x000001f45e561350 Exception <a 'java/lang/NoSuchMethodError'{0x000000070608df00}: 'int java.lang.invoke.DirectMethodHandle$Holder.invokeStatic(java.lang.Object, java.lang.Object, int, int)'> (0x000000070608df00) 
thrown [s\open\src\hotspot\share\interpreter\linkResolver.cpp, line 773]

ZGC Phase Switch (0 events):
No events

VM Operations (20 events):
Event: 1528.677 Executing VM operation: ChangeBreakpoints
Event: 1528.679 Executing VM operation: ChangeBreakpoints done
Event: 1528.680 Executing VM operation: ChangeBreakpoints
Event: 1528.681 Executing VM operation: ChangeBreakpoints done
Event: 1528.682 Executing VM operation: ChangeBreakpoints
Event: 1528.683 Executing VM operation: ChangeBreakpoints done
Event: 1528.684 Executing VM operation: ChangeBreakpoints
Event: 1528.685 Executing VM operation: ChangeBreakpoints done
Event: 1528.687 Executing VM operation: ChangeBreakpoints
Event: 1528.688 Executing VM operation: ChangeBreakpoints done
Event: 1528.689 Executing VM operation: ChangeBreakpoints
Event: 1528.691 Executing VM operation: ChangeBreakpoints done
Event: 1528.692 Executing VM operation: ChangeBreakpoints
Event: 1528.693 Executing VM operation: ChangeBreakpoints done
Event: 1528.694 Executing VM operation: ChangeBreakpoints
Event: 1528.695 Executing VM operation: ChangeBreakpoints done
Event: 1528.696 Executing VM operation: ChangeBreakpoints
Event: 1528.698 Executing VM operation: ChangeBreakpoints done
Event: 1528.699 Executing VM operation: ChangeSingleStep
Event: 1528.699 Executing VM operation: ChangeSingleStep done

Events (20 events):
Event: 1026.393 Thread 0x000001f45e561350 Thread added: 0x000001f45e561350
Event: 1026.394 Thread 0x000001f45e55b0e0 Thread added: 0x000001f45e55b0e0
Event: 1026.394 Thread 0x000001f45e55c490 Thread added: 0x000001f45e55c490
Event: 1026.396 Thread 0x000001f45e55f910 Thread added: 0x000001f45e55f910
Event: 1026.397 Thread 0x000001f45e560630 Thread added: 0x000001f45e560630
Event: 1026.398 Thread 0x000001f45e55ffa0 Thread added: 0x000001f45e55ffa0
Event: 1026.398 Thread 0x000001f45f9c4650 Thread exited: 0x000001f45f9c4650
Event: 1026.398 Thread 0x000001f45f9c6db0 Thread exited: 0x000001f45f9c6db0
Event: 1026.399 Thread 0x000001f45e55a3c0 Thread added: 0x000001f45e55a3c0
Event: 1026.399 Thread 0x000001f45e5619e0 Thread added: 0x000001f45e5619e0
Event: 1026.400 Thread 0x000001f45e5619e0 Thread exited: 0x000001f45e5619e0
Event: 1026.574 Thread 0x000001f45c243b00 Thread added: 0x000001f45c243b00
Event: 1026.575 Thread 0x000001f45d62bb70 Thread added: 0x000001f45d62bb70
Event: 1027.414 Thread 0x000001f45e55ffa0 Thread exited: 0x000001f45e55ffa0
Event: 1031.760 Thread 0x000001f45d62bb70 Thread exited: 0x000001f45d62bb70
Event: 1031.807 Thread 0x000001f45f9c87f0 Thread exited: 0x000001f45f9c87f0
Event: 1036.773 Thread 0x000001f45c243b00 Thread exited: 0x000001f45c243b00
Event: 1101.412 Thread 0x000001f45e55f910 Thread exited: 0x000001f45e55f910
Event: 1101.412 Thread 0x000001f45e560630 Thread exited: 0x000001f45e560630
Event: 1110.679 Thread 0x000001f45e55a3c0 Thread exited: 0x000001f45e55a3c0


Dynamic libraries:
0x00007ff696d40000 - 0x00007ff696d50000 	C:\Program Files\Java\jdk-21\bin\javaw.exe
0x00007ff9af2d0000 - 0x00007ff9af4e7000 	C:\Windows\SYSTEM32\ntdll.dll
0x00007ff9ade70000 - 0x00007ff9adf34000 	C:\Windows\System32\KERNEL32.DLL
0x00007ff9acad0000 - 0x00007ff9ace87000 	C:\Windows\System32\KERNELBASE.dll
0x00007ff9ac6d0000 - 0x00007ff9ac7e1000 	C:\Windows\System32\ucrtbase.dll
0x00007ff98e1b0000 - 0x00007ff98e1c9000 	C:\Program Files\Java\jdk-21\bin\jli.dll
0x00007ff993e80000 - 0x00007ff993e9b000 	C:\Program Files\Java\jdk-21\bin\VCRUNTIME140.dll
0x00007ff9ad8e0000 - 0x00007ff9ad992000 	C:\Windows\System32\ADVAPI32.dll
0x00007ff9ad020000 - 0x00007ff9ad0c7000 	C:\Windows\System32\msvcrt.dll
0x00007ff9ae750000 - 0x00007ff9ae7f8000 	C:\Windows\System32\sechost.dll
0x00007ff9aca30000 - 0x00007ff9aca58000 	C:\Windows\System32\bcrypt.dll
0x00007ff9ae410000 - 0x00007ff9ae524000 	C:\Windows\System32\RPCRT4.dll
0x00007ff9adcc0000 - 0x00007ff9ade6f000 	C:\Windows\System32\USER32.dll
0x00007ff9ac5e0000 - 0x00007ff9ac606000 	C:\Windows\System32\win32u.dll
0x00007ff9ae220000 - 0x00007ff9ae249000 	C:\Windows\System32\GDI32.dll
0x00007ff991770000 - 0x00007ff991a03000 	C:\Windows\WinSxS\amd64_microsoft.windows.common-controls_6595b64144ccf1df_6.0.22621.3672_none_2713b9d173822955\COMCTL32.dll
0x00007ff9ac7f0000 - 0x00007ff9ac908000 	C:\Windows\System32\gdi32full.dll
0x00007ff9ac990000 - 0x00007ff9aca2a000 	C:\Windows\System32\msvcp_win.dll
0x00007ff9a54c0000 - 0x00007ff9a54ca000 	C:\Windows\SYSTEM32\VERSION.dll
0x00007ff9ae270000 - 0x00007ff9ae2a1000 	C:\Windows\System32\IMM32.DLL
0x00007ff9a8d80000 - 0x00007ff9a8d8c000 	C:\Program Files\Java\jdk-21\bin\vcruntime140_1.dll
0x00007ff975bc0000 - 0x00007ff975c4e000 	C:\Program Files\Java\jdk-21\bin\msvcp140.dll
0x00007ff93c0d0000 - 0x00007ff93cde8000 	C:\Program Files\Java\jdk-21\bin\server\jvm.dll
0x00007ff9ae530000 - 0x00007ff9ae5a1000 	C:\Windows\System32\WS2_32.dll
0x00007ff9a67c0000 - 0x00007ff9a67f4000 	C:\Windows\SYSTEM32\WINMM.dll
0x00007ff9ab490000 - 0x00007ff9ab4dd000 	C:\Windows\SYSTEM32\POWRPROF.dll
0x00007ff9ab470000 - 0x00007ff9ab483000 	C:\Windows\SYSTEM32\UMPDC.dll
0x00007ff9ab720000 - 0x00007ff9ab738000 	C:\Windows\SYSTEM32\kernel.appcore.dll
0x00007ff9a8880000 - 0x00007ff9a888a000 	C:\Program Files\Java\jdk-21\bin\jimage.dll
0x00007ff995f20000 - 0x00007ff996152000 	C:\Windows\SYSTEM32\DBGHELP.DLL
0x00007ff9ad0d0000 - 0x00007ff9ad45e000 	C:\Windows\System32\combase.dll
0x00007ff9adf60000 - 0x00007ff9ae037000 	C:\Windows\System32\OLEAUT32.dll
0x00007ff9962b0000 - 0x00007ff9962e2000 	C:\Windows\SYSTEM32\dbgcore.DLL
0x00007ff9ac910000 - 0x00007ff9ac98b000 	C:\Windows\System32\bcryptPrimitives.dll
0x00007ff98cdc0000 - 0x00007ff98cdfc000 	C:\Program Files\Java\jdk-21\bin\jdwp.dll
0x00007ff9a8830000 - 0x00007ff9a883f000 	C:\Program Files\Java\jdk-21\bin\instrument.dll
0x00007ff98d6e0000 - 0x00007ff98d6ff000 	C:\Program Files\Java\jdk-21\bin\java.dll
0x00007ff9ae870000 - 0x00007ff9af0d9000 	C:\Windows\System32\SHELL32.dll
0x00007ff9aa560000 - 0x00007ff9aae5f000 	C:\Windows\SYSTEM32\windows.storage.dll
0x00007ff9aa420000 - 0x00007ff9aa55f000 	C:\Windows\SYSTEM32\wintypes.dll
0x00007ff9ae040000 - 0x00007ff9ae139000 	C:\Windows\System32\SHCORE.dll
0x00007ff9ae3b0000 - 0x00007ff9ae40e000 	C:\Windows\System32\shlwapi.dll
0x00007ff9ac510000 - 0x00007ff9ac537000 	C:\Windows\SYSTEM32\profapi.dll
0x00007ff9a8790000 - 0x00007ff9a879c000 	C:\Program Files\Java\jdk-21\bin\dt_socket.dll
0x00007ff9ab130000 - 0x00007ff9ab15d000 	C:\Windows\SYSTEM32\IPHLPAPI.DLL
0x00007ff9abb90000 - 0x00007ff9abbf9000 	C:\Windows\system32\mswsock.dll
0x00007ff9ab1a0000 - 0x00007ff9ab2a2000 	C:\Windows\SYSTEM32\DNSAPI.dll
0x00007ff9ae260000 - 0x00007ff9ae269000 	C:\Windows\System32\NSI.dll
0x00007ff99ff40000 - 0x00007ff99ff4a000 	C:\Windows\System32\rasadhlp.dll
0x00007ff9a5a30000 - 0x00007ff9a5ab3000 	C:\Windows\System32\fwpuclnt.dll
0x00007ff98cb00000 - 0x00007ff98cb18000 	C:\Program Files\Java\jdk-21\bin\zip.dll
0x00007ff9a8760000 - 0x00007ff9a8770000 	C:\Program Files\Java\jdk-21\bin\net.dll
0x00007ff9a8400000 - 0x00007ff9a8536000 	C:\Windows\SYSTEM32\WINHTTP.dll
0x00007ff98cae0000 - 0x00007ff98caf6000 	C:\Program Files\Java\jdk-21\bin\nio.dll
0x00007ff9a86e0000 - 0x00007ff9a86ea000 	C:\Program Files\Java\jdk-21\bin\management.dll
0x00007ff9a68b0000 - 0x00007ff9a68bb000 	C:\Program Files\Java\jdk-21\bin\management_ext.dll
0x00007ff9ae860000 - 0x00007ff9ae868000 	C:\Windows\System32\PSAPI.DLL
0x00007ff9a6390000 - 0x00007ff9a63a7000 	C:\Windows\system32\napinsp.dll
0x00007ff9a50d0000 - 0x00007ff9a50eb000 	C:\Windows\system32\pnrpnsp.dll
0x00007ff9a4540000 - 0x00007ff9a4551000 	C:\Windows\System32\winrnr.dll
0x00007ff98fd60000 - 0x00007ff98fd75000 	C:\Windows\system32\wshbth.dll
0x00007ff9a2380000 - 0x00007ff9a23a7000 	C:\Windows\system32\nlansp_c.dll
0x00007ff9abde0000 - 0x00007ff9abdfb000 	C:\Windows\SYSTEM32\CRYPTSP.dll
0x00007ff9ab680000 - 0x00007ff9ab6b5000 	C:\Windows\system32\rsaenh.dll
0x00007ff9abc80000 - 0x00007ff9abca8000 	C:\Windows\SYSTEM32\USERENV.dll
0x00007ff9abe00000 - 0x00007ff9abe0c000 	C:\Windows\SYSTEM32\CRYPTBASE.dll
0x00007ff9a2be0000 - 0x00007ff9a2be9000 	C:\Program Files\Java\jdk-21\bin\extnet.dll
0x00007ff99d090000 - 0x00007ff99d0a0000 	C:\Program Files\Java\jdk-21\bin\verify.dll
0x00007ff999f40000 - 0x00007ff999f4e000 	C:\Program Files\Java\jdk-21\bin\sunmscapi.dll
0x00007ff9ace90000 - 0x00007ff9acff6000 	C:\Windows\System32\CRYPT32.dll
0x00007ff9abfa0000 - 0x00007ff9abfcd000 	C:\Windows\SYSTEM32\ncrypt.dll
0x00007ff9abf60000 - 0x00007ff9abf97000 	C:\Windows\SYSTEM32\NTASN1.dll
0x00007ff99da20000 - 0x00007ff99da28000 	C:\Windows\system32\wshunix.dll

dbghelp: loaded successfully - version: 4.0.5 - missing functions: none
symbol engine: initialized successfully - sym options: 0x614 - pdb path: .;C:\Program Files\Java\jdk-21\bin;C:\Windows\SYSTEM32;C:\Windows\WinSxS\amd64_microsoft.windows.common-controls_6595b64144ccf1df_6.0.22621.3672_none_2713b9d173822955;C:\Program Files\Java\jdk-21\bin\server

VM Arguments:
jvm_args: -XX:+ShowCodeDetailsInExceptionMessages -agentlib:jdwp=transport=dt_socket,suspend=y,address=localhost:50989 -Dcom.sun.management.jmxremote -Dcom.sun.management.jmxremote.port=50985 -Dcom.sun.management.jmxremote.authenticate=false -Dcom.sun.management.jmxremote.ssl=false -Djava.rmi.server.hostname=localhost -Dspring.jmx.enabled=true -Dmanagement.endpoints.jmx.exposure.include=* -Dspring.application.admin.enabled=true -XX:TieredStopAtLevel=1 -Dspring.boot.project.name=EMS -javaagent:C:\Users\HI\Balraj\sts-4.26.0.RELEASE\configuration\org.eclipse.osgi\271\0\.cp\lib\javaagent-shaded.jar -Dfile.encoding=UTF-8 -Dstdout.encoding=UTF-8 -Dstderr.encoding=UTF-8 
java_command: com.fullstack.ems.EmsApplication --spring.output.ansi.enabled=always
java_class_path (initial): C:\Users\HI\Balraj\EMS\target\classes;C:\Users\HI\.m2\repository\org\springframework\boot\spring-boot-starter-data-jpa\3.3.5\spring-boot-starter-data-jpa-3.3.5.jar;C:\Users\HI\.m2\repository\org\springframework\boot\spring-boot-starter-aop\3.3.5\spring-boot-starter-aop-3.3.5.jar;C:\Users\HI\.m2\repository\org\springframework\spring-aop\6.1.14\spring-aop-6.1.14.jar;C:\Users\HI\.m2\repository\org\aspectj\aspectjweaver\1.9.22.1\aspectjweaver-1.9.22.1.jar;C:\Users\HI\.m2\repository\org\springframework\boot\spring-boot-starter-jdbc\3.3.5\spring-boot-starter-jdbc-3.3.5.jar;C:\Users\HI\.m2\repository\com\zaxxer\HikariCP\5.1.0\HikariCP-5.1.0.jar;C:\Users\HI\.m2\repository\org\springframework\spring-jdbc\6.1.14\spring-jdbc-6.1.14.jar;C:\Users\HI\.m2\repository\org\hibernate\orm\hibernate-core\6.5.3.Final\hibernate-core-6.5.3.Final.jar;C:\Users\HI\.m2\repository\jakarta\persistence\jakarta.persistence-api\3.1.0\jakarta.persistence-api-3.1.0.jar;C:\Users\HI\.m2\repository\jakarta\transaction\jakarta.transaction-api\2.0.1\jakarta.transaction-api-2.0.1.jar;C:\Users\HI\.m2\repository\org\jboss\logging\jboss-logging\3.5.3.Final\jboss-logging-3.5.3.Final.jar;C:\Users\HI\.m2\repository\org\hibernate\common\hibernate-commons-annotations\6.0.6.Final\hibernate-commons-annotations-6.0.6.Final.jar;C:\Users\HI\.m2\repository\io\smallrye\jandex\3.1.2\jandex-3.1.2.jar;C:\Users\HI\.m2\repository\com\fasterxml\classmate\1.7.0\classmate-1.7.0.jar;C:\Users\HI\.m2\repository\net\bytebuddy\byte-buddy\1.14.19\byte-buddy-1.14.19.jar;C:\Users\HI\.m2\repository\org\glassfish\jaxb\jaxb-runtime\4.0.5\jaxb-runtime-4.0.5.jar;C:\Users\HI\.m2\repository\org\glassfish\jaxb\jaxb-core\4.0.5\jaxb-core-4.0.5.jar;C:\Users\HI\.m2\repository\org\eclipse\angus\angus-activation\2.0.2\angus-activation-2.0.2.jar;C:\Users\HI\.m2\repository\org\glassfish\jaxb\txw2\4.0.5\txw2-4.0.5.jar;C:\Users\HI\.m2\repository\com\sun\istack\istack-commons-runtime\4.1.2\istack-commons-runtime-4.1.2.jar;C:\Users\HI\.m2\repository\jakarta\inject\jakarta.inject-api\2.0.1\jakarta.inject-api-2.0.1.jar;C:\Users\HI\.m2\repository\org\antlr\antlr4-runtime\4.13.0\antlr4-runtime-4.13.0.jar;C:\Users\HI\.m2\repository\org\springframework\data\spring-data-jpa\3.3.5\spring-data-jpa-3.3.5.jar;C:\Users\HI\.m2\repository\org\springframework\data\spring-data-commons\3.3.5\spring-data-commons-3.3.5.jar;C:\Users\HI\.m2\repository\org\springframework\spring-orm\6.1.14\spring-orm-6.1.14.jar;C:\Users\HI\.m2\repository\org\springframework\spring-context\6.1.14\spring-context-6.1.14.jar;C:\Users\HI\.m2\repository\org\springframework\spring-tx\6.1.14\spring-tx-6.1.14.jar;C:\Users\HI\.m2\repository\org\springframework\spring-beans\6.1.14\spring-beans-6.1.14.jar;C:\Users\HI\.m2\repository\jakarta\annotation\jakarta.annotation-api\2.1.1\jakarta.annotation-api-2.1.1.jar;C:\Users\HI\.m2\repository\org\slf4j\slf4j-api\2.0.16\slf4j-api-2.0.16.jar;C:\Users\HI\.m2\repository\org\springframework\spring-aspects\6.1.14\spring-aspects-6.1.14.jar;C:\Users\HI\.m2\repository\org\springframework\boot\spring-boot-starter-hateoas\3.3.5\spring-boot-starter-hateoas-3.3.5.jar;C:\Users\HI\.m2\repository\org\springframework\hateoas\spring-hateoas\2.3.3\spring-hateoas-2.3.3.jar;C:\Users\HI\.m2\repository\org\springframework\plugin\spring-plugin-core\3.0.0\spring-plugin-core-3.0.0.jar;C:\Users\HI\.m2\repository\org\springframework\boot\spring-boot-starter-web\3.3.5\spring-boot-starter-web-3.3.5.jar;C:\Users\HI\.m2\repository\org\springframework\boot\spring-boot-starter\3.3.5\spring-boot-starter-3.3.5.jar;C:\Users\HI\.m2\repository\org\springframework\boot\spring-boot-starter-logging\3.3.5\spring-boot-starter-logging-3.3.5.jar;C:\Users\HI\.m2\repository\ch\qos\logback\logback-classic\1.5.11\logback-classic-1.5.11.jar;C:\Users\HI\.m2\repository\ch\qos\logback\logback-core\1.5.11\logback-core-1.5.11.jar;C:\Users\HI\.m2\repository\org\apache\logging\log4j\log4j-to-slf4j\2.23.1\log4j-to-slf4j-2.23.1.jar;C:\Users\HI\.m2\repository\org\apache\logging\log4j\log4j-api\2.23.1\log4j-api-2.23.1.jar;C:\Users\HI\.m2\repository\org\slf4j\jul-to-slf4j\2.0.16\jul-to-slf4j-2.0.16.jar;C:\Users\HI\.m2\repository\org\yaml\snakeyaml\2.2\snakeyaml-2.2.jar;C:\Users\HI\.m2\repository\org\springframework\boot\spring-boot-starter-json\3.3.5\spring-boot-starter-json-3.3.5.jar;C:\Users\HI\.m2\repository\com\fasterxml\jackson\core\jackson-databind\2.17.2\jackson-databind-2.17.2.jar;C:\Users\HI\.m2\repository\com\fasterxml\jackson\core\jackson-annotations\2.17.2\jackson-annotations-2.17.2.jar;C:\Users\HI\.m2\repository\com\fasterxml\jackson\core\jackson-core\2.17.2\jackson-core-2.17.2.jar;C:\Users\HI\.m2\repository\com\fasterxml\jackson\datatype\jackson-datatype-jdk8\2.17.2\jackson-datatype-jdk8-2.17.2.jar;C:\Users\HI\.m2\repository\com\fasterxml\jackson\datatype\jackson-datatype-jsr310\2.17.2\jackson-datatype-jsr310-2.17.2.jar;C:\Users\HI\.m2\repository\com\fasterxml\jackson\module\jackson-module-parameter-names\2.17.2\jackson-module-parameter-names-2.17.2.jar;C:\Users\HI\.m2\repository\org\springframework\boot\spring-boot-starter-tomcat\3.3.5\spring-boot-starter-tomcat-3.3.5.jar;C:\Users\HI\.m2\repository\org\apache\tomcat\embed\tomcat-embed-core\10.1.31\tomcat-embed-core-10.1.31.jar;C:\Users\HI\.m2\repository\org\apache\tomcat\embed\tomcat-embed-el\10.1.31\tomcat-embed-el-10.1.31.jar;C:\Users\HI\.m2\repository\org\apache\tomcat\embed\tomcat-embed-websocket\10.1.31\tomcat-embed-websocket-10.1.31.jar;C:\Users\HI\.m2\repository\org\springframework\spring-web\6.1.14\spring-web-6.1.14.jar;C:\Users\HI\.m2\repository\io\micrometer\micrometer-observation\1.13.6\micrometer-observation-1.13.6.jar;C:\Users\HI\.m2\repository\io\micrometer\micrometer-commons\1.13.6\micrometer-commons-1.13.6.jar;C:\Users\HI\.m2\repository\org\springframework\spring-webmvc\6.1.14\spring-webmvc-6.1.14.jar;C:\Users\HI\.m2\repository\org\springframework\spring-expression\6.1.14\spring-expression-6.1.14.jar;C:\Users\HI\.m2\repository\org\springframework\boot\spring-boot-devtools\3.3.5\spring-boot-devtools-3.3.5.jar;C:\Users\HI\.m2\repository\org\springframework\boot\spring-boot\3.3.5\spring-boot-3.3.5.jar;C:\Users\HI\.m2\repository\org\springframework\boot\spring-boot-autoconfigure\3.3.5\spring-boot-autoconfigure-3.3.5.jar;C:\Users\HI\.m2\repository\com\mysql\mysql-connector-j\8.3.0\mysql-connector-j-8.3.0.jar;C:\Users\HI\.m2\repository\com\jayway\jsonpath\json-path\2.9.0\json-path-2.9.0.jar;C:\Users\HI\.m2\repository\jakarta\xml\bind\jakarta.xml.bind-api\4.0.2\jakarta.xml.bind-api-4.0.2.jar;C:\Users\HI\.m2\repository\jakarta\activation\jakarta.activation-api\2.1.3\jakarta.activation-api-2.1.3.jar;C:\Users\HI\.m2\repository\net\minidev\json-smart\2.5.1\json-smart-2.5.1.jar;C:\Users\HI\.m2\repository\net\minidev\accessors-smart\2.5.1\accessors-smart-2.5.1.jar;C:\Users\HI\.m2\repository\org\ow2\asm\asm\9.6\asm-9.6.jar;C:\Users\HI\.m2\repository\org\springframework\spring-core\6.1.14\spring-core-6.1.14.jar;C:\Users\HI\.m2\repository\org\springframework\spring-jcl\6.1.14\spring-jcl-6.1.14.jar
Launcher Type: SUN_STANDARD

[Global flags]
     intx CICompilerCount                          = 4                                         {product} {ergonomic}
     uint ConcGCThreads                            = 3                                         {product} {ergonomic}
     uint G1ConcRefinementThreads                  = 10                                        {product} {ergonomic}
   size_t G1HeapRegionSize                         = 2097152                                   {product} {ergonomic}
    uintx GCDrainStackTargetSize                   = 64                                        {product} {ergonomic}
   size_t InitialHeapSize                          = 266338304                                 {product} {ergonomic}
     bool ManagementServer                         = true                                      {product} {command line}
   size_t MarkStackSize                            = 4194304                                   {product} {ergonomic}
   size_t MaxHeapSize                              = 4253024256                                {product} {ergonomic}
   size_t MaxNewSize                               = 2550136832                                {product} {ergonomic}
   size_t MinHeapDeltaBytes                        = 2097152                                   {product} {ergonomic}
   size_t MinHeapSize                              = 8388608                                   {product} {ergonomic}
    uintx NonNMethodCodeHeapSize                   = 4096                                   {pd product} {ergonomic}
    uintx NonProfiledCodeHeapSize                  = 0                                      {pd product} {ergonomic}
     bool ProfileInterpreter                       = false                                  {pd product} {command line}
    uintx ProfiledCodeHeapSize                     = 0                                      {pd product} {ergonomic}
     bool ShowCodeDetailsInExceptionMessages       = true                                   {manageable} {command line}
   size_t SoftMaxHeapSize                          = 4253024256                             {manageable} {ergonomic}
     intx TieredStopAtLevel                        = 1                                         {product} {command line}
     bool UseCompressedOops                        = true                           {product lp64_product} {ergonomic}
     bool UseG1GC                                  = true                                      {product} {ergonomic}
     bool UseLargePagesIndividualAllocation        = false                                  {pd product} {ergonomic}

Logging:
Log output configuration:
 #0: stdout all=warning uptime,level,tags foldmultilines=false
 #1: stderr all=off uptime,level,tags foldmultilines=false

Environment Variables:
PATH=C:/Users/HI/Balraj/sts-4.26.0.RELEASE//plugins/org.eclipse.justj.openjdk.hotspot.jre.full.win32.x86_64_21.0.4.v20240802-1551/jre/bin/server;C:/Users/HI/Balraj/sts-4.26.0.RELEASE//plugins/org.eclipse.justj.openjdk.hotspot.jre.full.win32.x86_64_21.0.4.v20240802-1551/jre/bin;C:\Program Files\Common Files\Oracle\Java\javapath;C:\Windows\system32;C:\Windows;C:\Windows\System32\Wbem;C:\Windows\System32\WindowsPowerShell\v1.0\;C:\Windows\System32\OpenSSH\;C:\Program Files\nodejs\;C:\Program Files\MySQL\MySQL Server 8.0\bin;C:\Program Files\MySQL\MySQL Shell 8.0\bin\;C:\Users\HI\AppData\Local\Microsoft\WindowsApps;C:\Users\HI\AppData\Local\Programs\Microsoft VS Code\bin;C:\Users\HI\AppData\Roaming\npm;;C:\Users\HI\Balraj\sts-4.26.0.RELEASE;
USERNAME=HI
OS=Windows_NT
PROCESSOR_IDENTIFIER=Intel64 Family 6 Model 151 Stepping 5, GenuineIntel
TMP=C:\Users\HI\AppData\Local\Temp
TEMP=C:\Users\HI\AppData\Local\Temp




Periodic native trim disabled

---------------  S Y S T E M  ---------------

OS:
 Windows 11 , 64 bit Build 22621 (10.0.22621.3958)
OS uptime: 4 days 18:30 hours

CPU: total 12 (initial active 12) (6 cores per cpu, 2 threads per core) family 6 model 151 stepping 5 microcode 0x35, cx8, cmov, fxsr, ht, mmx, 3dnowpref, sse, sse2, sse3, ssse3, sse4.1, sse4.2, popcnt, lzcnt, tsc, tscinvbit, avx, avx2, aes, erms, clmul, bmi1, bmi2, adx, sha, fma, vzeroupper, clflush, clflushopt, clwb, serialize, rdtscp, rdpid, fsrm, f16c, pku, cet_ibt, cet_ss
Processor Information for all 12 processors :
  Max Mhz: 2500, Current Mhz: 2500, Mhz Limit: 2500

Memory: 4k page, system-wide physical 16220M (8707M free)
TotalPageFile size 19164M (AvailPageFile size 9873M)
current process WorkingSet (physical memory assigned to process): 268M, peak: 268M
current process commit charge ("private bytes"): 311M, peak: 378M

vm_info: Java HotSpot(TM) 64-Bit Server VM (21.0.5+9-LTS-239) for windows-amd64 JRE (21.0.5+9-LTS-239), built on 2024-09-30T05:17:38Z by "mach5one" with MS VC++ 17.6 (VS2022)

END.
